<?xml version="1.0" encoding="UTF-8"?>
<!-- Generated by org.testng.reporters.JUnitReportReporter -->
<testsuite skipped="0" hostname="LAPTOP-SS7107SN" name="mainrunner" tests="5" failures="0" timestamp="2022-09-28T00:36:09 IST" time="34.670" errors="0">
  <testcase name="runScenario" time="5.281" classname="mainrunner"/>
  <system-out/>
  <testcase name="runScenario" time="8.222" classname="mainrunner"/>
  <system-out/>
  <testcase name="runScenario" time="11.209" classname="mainrunner"/>
  <system-out/>
  <testcase name="runScenario" time="5.190" classname="mainrunner"/>
  <system-out/>
  <testcase name="runScenario" time="4.768" classname="mainrunner"/>
  <system-out/>
</testsuite> <!-- mainrunner -->
